[debug] [2020-05-04T15:42:42.457Z] ----------------------------------------------------------------------
[debug] [2020-05-04T15:42:42.459Z] Command:       C:\Program Files\nodejs\node.exe C:\Users\Qualist-Orhan\AppData\Roaming\npm\node_modules\firebase-tools\bin\firebase deploy
[debug] [2020-05-04T15:42:42.459Z] CLI Version:   3.19.1
[debug] [2020-05-04T15:42:42.459Z] Platform:      win32
[debug] [2020-05-04T15:42:42.459Z] Node Version:  v12.16.2
[debug] [2020-05-04T15:42:42.466Z] Time:          Mon May 04 2020 18:42:42 GMT+0300 (GMT+03:00)
[debug] [2020-05-04T15:42:42.467Z] ----------------------------------------------------------------------
[debug] 
[debug] [2020-05-04T15:42:42.478Z] > command requires scopes: ["email","openid","https://www.googleapis.com/auth/cloudplatformprojects.readonly","https://www.googleapis.com/auth/firebase","https://www.googleapis.com/auth/cloud-platform"]
[debug] [2020-05-04T15:42:42.478Z] > authorizing via signed-in user
[debug] [2020-05-04T15:42:42.479Z] > refreshing access token with scopes: ["email","https://www.googleapis.com/auth/cloud-platform","https://www.googleapis.com/auth/cloudplatformprojects.readonly","https://www.googleapis.com/auth/firebase","openid"]
[debug] [2020-05-04T15:42:42.479Z] >>> HTTP REQUEST POST https://www.googleapis.com/oauth2/v3/token  
 {
  refresh_token: '1//03vTpAA6erp1wCgYIARAAGAMSNwF-L9Ir9BrwVc5lkQC-RHW2DUqJ2srblElcmSuPcKGv1EH8DQ550eLHY8bALDmO7bEzYfMZGMY',
  client_id: '563584335869-fgrhgmd47bqnekij5i8b5pr03ho849e6.apps.googleusercontent.com',
  client_secret: 'j9iVZfS8kkCEFUPaAeJV0sAi',
  grant_type: 'refresh_token',
  scope: 'email https://www.googleapis.com/auth/cloud-platform https://www.googleapis.com/auth/cloudplatformprojects.readonly https://www.googleapis.com/auth/firebase openid'
} 
 Mon May 04 2020 18:42:42 GMT+0300 (GMT+03:00)
[debug] [2020-05-04T15:42:42.763Z] <<< HTTP RESPONSE 200
[debug] [2020-05-04T15:42:42.775Z] >>> HTTP REQUEST GET https://admin.firebase.com/v1/projects/my-twitch-5536d  
  
 Mon May 04 2020 18:42:42 GMT+0300 (GMT+03:00)
[info] 
[warn] !  Your CLI authentication needs to be updated to take advantage of new features.
[warn] !  Please run firebase login --reauth
[info] 
[debug] [2020-05-04T15:42:43.332Z] > command requires scopes: ["email","openid","https://www.googleapis.com/auth/cloudplatformprojects.readonly","https://www.googleapis.com/auth/firebase"]
[debug] [2020-05-04T15:42:43.333Z] > authorizing via signed-in user
[debug] [2020-05-04T15:42:43.333Z] > refreshing access token with scopes: ["email","https://www.googleapis.com/auth/cloudplatformprojects.readonly","https://www.googleapis.com/auth/firebase","openid"]
[debug] [2020-05-04T15:42:43.333Z] >>> HTTP REQUEST POST https://www.googleapis.com/oauth2/v3/token  
 {
  refresh_token: '1//03vTpAA6erp1wCgYIARAAGAMSNwF-L9Ir9BrwVc5lkQC-RHW2DUqJ2srblElcmSuPcKGv1EH8DQ550eLHY8bALDmO7bEzYfMZGMY',
  client_id: '563584335869-fgrhgmd47bqnekij5i8b5pr03ho849e6.apps.googleusercontent.com',
  client_secret: 'j9iVZfS8kkCEFUPaAeJV0sAi',
  grant_type: 'refresh_token',
  scope: 'email https://www.googleapis.com/auth/cloudplatformprojects.readonly https://www.googleapis.com/auth/firebase openid'
} 
 Mon May 04 2020 18:42:43 GMT+0300 (GMT+03:00)
[debug] [2020-05-04T15:42:43.474Z] <<< HTTP RESPONSE 200
[debug] [2020-05-04T15:42:43.486Z] >>> HTTP REQUEST GET https://admin.firebase.com/v1/projects/my-twitch-5536d  
  
 Mon May 04 2020 18:42:43 GMT+0300 (GMT+03:00)
[debug] [2020-05-04T15:42:44.187Z] Error: certificate has expired
    at TLSSocket.onConnectSecure (_tls_wrap.js:1474:34)
    at TLSSocket.emit (events.js:310:20)
    at TLSSocket.EventEmitter.emit (domain.js:482:12)
    at TLSSocket._finishInit (_tls_wrap.js:917:8)
    at TLSWrap.ssl.onhandshakedone (_tls_wrap.js:687:12)
[error] 
[error] Error: Server Error. certificate has expired
